d:\shubhamrathod\cpp\translator\translator\translator\x64\debug\vc143.pdb
d:\shubhamrathod\cpp\translator\translator\translator\x64\debug\vc143.idb
d:\shubhamrathod\cpp\translator\translator\translator\x64\debug\translator.obj
d:\shubhamrathod\cpp\translator\translator\translator\x64\debug\reader.obj
d:\shubhamrathod\cpp\translator\translator\translator\x64\debug\writer.obj
d:\shubhamrathod\cpp\translator\translator\translator\x64\debug\triangle.obj
d:\shubhamrathod\cpp\translator\translator\translator\x64\debug\point.obj
d:\shubhamrathod\cpp\translator\translator\translator\x64\debug\translator.ilk
d:\shubhamrathod\cpp\translator\translator\x64\debug\translator.pdb
d:\shubhamrathod\cpp\translator\translator\translator\x64\debug\translator.tlog\cl.command.1.tlog
d:\shubhamrathod\cpp\translator\translator\translator\x64\debug\translator.tlog\cl.items.tlog
d:\shubhamrathod\cpp\translator\translator\translator\x64\debug\translator.tlog\cl.read.1.tlog
d:\shubhamrathod\cpp\translator\translator\translator\x64\debug\translator.tlog\cl.write.1.tlog
d:\shubhamrathod\cpp\translator\translator\translator\x64\debug\translator.tlog\link-cvtres.read.1.tlog
d:\shubhamrathod\cpp\translator\translator\translator\x64\debug\translator.tlog\link-cvtres.write.1.tlog
d:\shubhamrathod\cpp\translator\translator\translator\x64\debug\translator.tlog\link-rc.read.1.tlog
d:\shubhamrathod\cpp\translator\translator\translator\x64\debug\translator.tlog\link-rc.write.1.tlog
d:\shubhamrathod\cpp\translator\translator\translator\x64\debug\translator.tlog\link.28088-cvtres.read.1.tlog
d:\shubhamrathod\cpp\translator\translator\translator\x64\debug\translator.tlog\link.28088-cvtres.write.1.tlog
d:\shubhamrathod\cpp\translator\translator\translator\x64\debug\translator.tlog\link.28088-rc.read.1.tlog
d:\shubhamrathod\cpp\translator\translator\translator\x64\debug\translator.tlog\link.28088-rc.write.1.tlog
d:\shubhamrathod\cpp\translator\translator\translator\x64\debug\translator.tlog\link.28088.read.1.tlog
d:\shubhamrathod\cpp\translator\translator\translator\x64\debug\translator.tlog\link.28088.read.2.tlog
d:\shubhamrathod\cpp\translator\translator\translator\x64\debug\translator.tlog\link.28088.write.1.tlog
d:\shubhamrathod\cpp\translator\translator\translator\x64\debug\translator.tlog\link.command.1.tlog
d:\shubhamrathod\cpp\translator\translator\translator\x64\debug\translator.tlog\link.read.1.tlog
d:\shubhamrathod\cpp\translator\translator\translator\x64\debug\translator.tlog\link.read.2.tlog
d:\shubhamrathod\cpp\translator\translator\translator\x64\debug\translator.tlog\link.secondary.1.tlog
d:\shubhamrathod\cpp\translator\translator\translator\x64\debug\translator.tlog\link.write.1.tlog
